{"name": "test_printCarNamesandPrices[chrome-BMW-BMW Cars]", "status": "broken", "statusDetails": {"message": "selenium.common.exceptions.NoSuchElementException: Message: no such element: Unable to locate element: {\"method\":\"xpath\",\"selector\":\"//*[@id=\"root\"]/div[2]/div/div[2]/div/h1\"}\n  (Session info: chrome=97.0.4692.99)\nStacktrace:\nBacktrace:\n\tOrdinal0 [0x00BAFDC3+2555331]\n\tOrdinal0 [0x00B477F1+2127857]\n\tOrdinal0 [0x00A42E08+1060360]\n\tOrdinal0 [0x00A6E49E+1238174]\n\tOrdinal0 [0x00A6E69B+1238683]\n\tOrdinal0 [0x00A99252+1413714]\n\tOrdinal0 [0x00A87B54+1342292]\n\tOrdinal0 [0x00A975FA+1406458]\n\tOrdinal0 [0x00A87976+1341814]\n\tOrdinal0 [0x00A636B6+1193654]\n\tOrdinal0 [0x00A64546+1197382]\n\tGetHandleVerifier [0x00D49622+1619522]\n\tGetHandleVerifier [0x00DF882C+2336844]\n\tGetHandleVerifier [0x00C423E1+541697]\n\tGetHandleVerifier [0x00C41443+537699]\n\tOrdinal0 [0x00B4D18E+2150798]\n\tOrdinal0 [0x00B51518+2168088]\n\tOrdinal0 [0x00B51660+2168416]\n\tOrdinal0 [0x00B5B330+2208560]\n\tBaseThreadInitThunk [0x75EDFA29+25]\n\tRtlGetAppContainerNamedObjectPath [0x77BF7A9E+286]\n\tRtlGetAppContainerNamedObjectPath [0x77BF7A6E+238]", "trace": "self = <Testcases.test_carwale.Test_CarWale object at 0x000001705E36BEB0>\ncarBrand = 'BMW', carTitle = 'BMW Cars'\n\n    @pytest.mark.parametrize(\"carBrand,carTitle\",\n                             dataProvider.get_data(\"NewCarsTest\"))\n    def test_printCarNamesandPrices(self, carBrand,carTitle):\n        log.logger.info(\"******Inside Car Names and Prices Test*********\")\n        home = HomePage(self.driver)\n        car = CarBase(self.driver)\n    \n        print(\"Car brand is : \",carBrand)\n        if carBrand == \"BMW\":\n           home.gotoNewCars().selectBMW()\n>          title = car.getCarTitle()\n\ntest_carwale.py:68: \n_ _ _ _ _ _ _ _ _ _ _ _ _ _ _ _ _ _ _ _ _ _ _ _ _ _ _ _ _ _ _ _ _ _ _ _ _ _ _ _\n..\\Pages\\CarBase.py:10: in getCarTitle\n    return self.driver.find_element_by_xpath(configReader.readConfig(\"locators\", \"carTitle_XPATH\")).text\n..\\..\\lib\\site-packages\\selenium\\webdriver\\remote\\webdriver.py:520: in find_element_by_xpath\n    return self.find_element(by=By.XPATH, value=xpath)\n..\\..\\lib\\site-packages\\selenium\\webdriver\\remote\\webdriver.py:1244: in find_element\n    return self.execute(Command.FIND_ELEMENT, {\n..\\..\\lib\\site-packages\\selenium\\webdriver\\remote\\webdriver.py:424: in execute\n    self.error_handler.check_response(response)\n_ _ _ _ _ _ _ _ _ _ _ _ _ _ _ _ _ _ _ _ _ _ _ _ _ _ _ _ _ _ _ _ _ _ _ _ _ _ _ _\n\nself = <selenium.webdriver.remote.errorhandler.ErrorHandler object at 0x000001705E36BA00>\nresponse = {'status': 404, 'value': '{\"value\":{\"error\":\"no such element\",\"message\":\"no such element: Unable to locate element: {\\...\\n\\\\tRtlGetAppContainerNamedObjectPath [0x77BF7A9E+286]\\\\n\\\\tRtlGetAppContainerNamedObjectPath [0x77BF7A6E+238]\\\\n\"}}'}\n\n    def check_response(self, response: Dict[str, Any]) -> None:\n        \"\"\"\n        Checks that a JSON response from the WebDriver does not have an error.\n    \n        :Args:\n         - response - The JSON response from the WebDriver server as a dictionary\n           object.\n    \n        :Raises: If the response contains an error message.\n        \"\"\"\n        status = response.get('status', None)\n        if not status or status == ErrorCode.SUCCESS:\n            return\n        value = None\n        message = response.get(\"message\", \"\")\n        screen: str = response.get(\"screen\", \"\")\n        stacktrace = None\n        if isinstance(status, int):\n            value_json = response.get('value', None)\n            if value_json and isinstance(value_json, str):\n                import json\n                try:\n                    value = json.loads(value_json)\n                    if len(value.keys()) == 1:\n                        value = value['value']\n                    status = value.get('error', None)\n                    if not status:\n                        status = value.get(\"status\", ErrorCode.UNKNOWN_ERROR)\n                        message = value.get(\"value\") or value.get(\"message\")\n                        if not isinstance(message, str):\n                            value = message\n                            message = message.get('message')\n                    else:\n                        message = value.get('message', None)\n                except ValueError:\n                    pass\n    \n        exception_class: Type[WebDriverException]\n        if status in ErrorCode.NO_SUCH_ELEMENT:\n            exception_class = NoSuchElementException\n        elif status in ErrorCode.NO_SUCH_FRAME:\n            exception_class = NoSuchFrameException\n        elif status in ErrorCode.NO_SUCH_SHADOW_ROOT:\n            exception_class = NoSuchShadowRootException\n        elif status in ErrorCode.NO_SUCH_WINDOW:\n            exception_class = NoSuchWindowException\n        elif status in ErrorCode.STALE_ELEMENT_REFERENCE:\n            exception_class = StaleElementReferenceException\n        elif status in ErrorCode.ELEMENT_NOT_VISIBLE:\n            exception_class = ElementNotVisibleException\n        elif status in ErrorCode.INVALID_ELEMENT_STATE:\n            exception_class = InvalidElementStateException\n        elif status in ErrorCode.INVALID_SELECTOR \\\n                or status in ErrorCode.INVALID_XPATH_SELECTOR \\\n                or status in ErrorCode.INVALID_XPATH_SELECTOR_RETURN_TYPER:\n            exception_class = InvalidSelectorException\n        elif status in ErrorCode.ELEMENT_IS_NOT_SELECTABLE:\n            exception_class = ElementNotSelectableException\n        elif status in ErrorCode.ELEMENT_NOT_INTERACTABLE:\n            exception_class = ElementNotInteractableException\n        elif status in ErrorCode.INVALID_COOKIE_DOMAIN:\n            exception_class = InvalidCookieDomainException\n        elif status in ErrorCode.UNABLE_TO_SET_COOKIE:\n            exception_class = UnableToSetCookieException\n        elif status in ErrorCode.TIMEOUT:\n            exception_class = TimeoutException\n        elif status in ErrorCode.SCRIPT_TIMEOUT:\n            exception_class = TimeoutException\n        elif status in ErrorCode.UNKNOWN_ERROR:\n            exception_class = WebDriverException\n        elif status in ErrorCode.UNEXPECTED_ALERT_OPEN:\n            exception_class = UnexpectedAlertPresentException\n        elif status in ErrorCode.NO_ALERT_OPEN:\n            exception_class = NoAlertPresentException\n        elif status in ErrorCode.IME_NOT_AVAILABLE:\n            exception_class = ImeNotAvailableException\n        elif status in ErrorCode.IME_ENGINE_ACTIVATION_FAILED:\n            exception_class = ImeActivationFailedException\n        elif status in ErrorCode.MOVE_TARGET_OUT_OF_BOUNDS:\n            exception_class = MoveTargetOutOfBoundsException\n        elif status in ErrorCode.JAVASCRIPT_ERROR:\n            exception_class = JavascriptException\n        elif status in ErrorCode.SESSION_NOT_CREATED:\n            exception_class = SessionNotCreatedException\n        elif status in ErrorCode.INVALID_ARGUMENT:\n            exception_class = InvalidArgumentException\n        elif status in ErrorCode.NO_SUCH_COOKIE:\n            exception_class = NoSuchCookieException\n        elif status in ErrorCode.UNABLE_TO_CAPTURE_SCREEN:\n            exception_class = ScreenshotException\n        elif status in ErrorCode.ELEMENT_CLICK_INTERCEPTED:\n            exception_class = ElementClickInterceptedException\n        elif status in ErrorCode.INSECURE_CERTIFICATE:\n            exception_class = InsecureCertificateException\n        elif status in ErrorCode.INVALID_COORDINATES:\n            exception_class = InvalidCoordinatesException\n        elif status in ErrorCode.INVALID_SESSION_ID:\n            exception_class = InvalidSessionIdException\n        elif status in ErrorCode.UNKNOWN_METHOD:\n            exception_class = UnknownMethodException\n        else:\n            exception_class = WebDriverException\n        if not value:\n            value = response['value']\n        if isinstance(value, str):\n            raise exception_class(value)\n        if message == \"\" and 'message' in value:\n            message = value['message']\n    \n        screen = None  # type: ignore[assignment]\n        if 'screen' in value:\n            screen = value['screen']\n    \n        stacktrace = None\n        st_value = value.get('stackTrace') or value.get('stacktrace')\n        if st_value:\n            if isinstance(st_value, str):\n                stacktrace = st_value.split('\\n')\n            else:\n                stacktrace = []\n                try:\n                    for frame in st_value:\n                        line = self._value_or_default(frame, 'lineNumber', '')\n                        file = self._value_or_default(frame, 'fileName', '<anonymous>')\n                        if line:\n                            file = \"%s:%s\" % (file, line)\n                        meth = self._value_or_default(frame, 'methodName', '<anonymous>')\n                        if 'className' in frame:\n                            meth = \"%s.%s\" % (frame['className'], meth)\n                        msg = \"    at %s (%s)\"\n                        msg = msg % (meth, file)\n                        stacktrace.append(msg)\n                except TypeError:\n                    pass\n        if exception_class == UnexpectedAlertPresentException:\n            alert_text = None\n            if 'data' in value:\n                alert_text = value['data'].get('text')\n            elif 'alert' in value:\n                alert_text = value['alert'].get('text')\n            raise exception_class(message, screen, stacktrace, alert_text)  # type: ignore[call-arg]  # mypy is not smart enough here\n>       raise exception_class(message, screen, stacktrace)\nE       selenium.common.exceptions.NoSuchElementException: Message: no such element: Unable to locate element: {\"method\":\"xpath\",\"selector\":\"//*[@id=\"root\"]/div[2]/div/div[2]/div/h1\"}\nE         (Session info: chrome=97.0.4692.99)\nE       Stacktrace:\nE       Backtrace:\nE       \tOrdinal0 [0x00BAFDC3+2555331]\nE       \tOrdinal0 [0x00B477F1+2127857]\nE       \tOrdinal0 [0x00A42E08+1060360]\nE       \tOrdinal0 [0x00A6E49E+1238174]\nE       \tOrdinal0 [0x00A6E69B+1238683]\nE       \tOrdinal0 [0x00A99252+1413714]\nE       \tOrdinal0 [0x00A87B54+1342292]\nE       \tOrdinal0 [0x00A975FA+1406458]\nE       \tOrdinal0 [0x00A87976+1341814]\nE       \tOrdinal0 [0x00A636B6+1193654]\nE       \tOrdinal0 [0x00A64546+1197382]\nE       \tGetHandleVerifier [0x00D49622+1619522]\nE       \tGetHandleVerifier [0x00DF882C+2336844]\nE       \tGetHandleVerifier [0x00C423E1+541697]\nE       \tGetHandleVerifier [0x00C41443+537699]\nE       \tOrdinal0 [0x00B4D18E+2150798]\nE       \tOrdinal0 [0x00B51518+2168088]\nE       \tOrdinal0 [0x00B51660+2168416]\nE       \tOrdinal0 [0x00B5B330+2208560]\nE       \tBaseThreadInitThunk [0x75EDFA29+25]\nE       \tRtlGetAppContainerNamedObjectPath [0x77BF7A9E+286]\nE       \tRtlGetAppContainerNamedObjectPath [0x77BF7A6E+238]\n\n..\\..\\lib\\site-packages\\selenium\\webdriver\\remote\\errorhandler.py:247: NoSuchElementException"}, "attachments": [{"name": "log", "source": "2ddd69ba-bf31-4ee9-ba8d-5211f46c1882-attachment.txt", "type": "text/plain"}], "parameters": [{"name": "get_browser", "value": "'chrome'"}, {"name": "carBrand", "value": "'BMW'"}, {"name": "carTitle", "value": "'BMW Cars'"}], "start": 1644315470331, "stop": 1644315486006, "uuid": "4c8828aa-2d36-40fd-96b0-34e0f79ec1d3", "historyId": "43b4a8fad9b64382bdfda1100f0be4c0", "testCaseId": "27419eff2892b7f9e62c746340063c1d", "fullName": "test_carwale.Test_CarWale#test_printCarNamesandPrices", "labels": [{"name": "tag", "value": "@pytest.mark.usefixtures('log_on_failure', 'get_browser')"}, {"name": "suite", "value": "test_carwale"}, {"name": "subSuite", "value": "Test_CarWale"}, {"name": "host", "value": "DESKTOP-A2RNO1H"}, {"name": "thread", "value": "7556-MainThread"}, {"name": "framework", "value": "pytest"}, {"name": "language", "value": "cpython3"}, {"name": "package", "value": "test_carwale"}]}